  main.cpp
C:\Users\benja\Desktop\SecurityGame\Includes.h(4,46): warning C4244: 'argument': conversion from 'float' to 'unsigned int', possible loss of data
C:\Users\benja\Desktop\SecurityGame\Includes.h(4,39): warning C4244: 'argument': conversion from 'float' to 'unsigned int', possible loss of data
C:\Users\benja\Desktop\SecurityGame\PhysicsSystem.h(5,17): warning C4305: 'initializing': truncation from 'double' to 'float'
C:\Users\benja\Desktop\SecurityGame\Audio.h(103,24): warning C4244: 'argument': conversion from '_Rep' to 'unsigned int', possible loss of data
          with
          [
              _Rep=__int64
          ]
C:\Users\benja\Desktop\SecurityGame\Audio.h(129,24): warning C4244: 'argument': conversion from '_Rep' to 'unsigned int', possible loss of data
          with
          [
              _Rep=__int64
          ]
C:\Users\benja\Desktop\SecurityGame\Audio.h(153,24): warning C4244: 'argument': conversion from '_Rep' to 'unsigned int', possible loss of data
          with
          [
              _Rep=__int64
          ]
C:\Users\benja\Desktop\SecurityGame\Player.h(231,33): warning C4244: 'argument': conversion from 'double' to 'float', possible loss of data
C:\Users\benja\Desktop\SecurityGame\AIEntity.h(172,1): warning C4244: '+=': conversion from 'float' to 'T', possible loss of data
          with
          [
              T=int
          ]
C:\Users\benja\Desktop\SecurityGame\AIEntity.h(190,1): warning C4244: '+=': conversion from 'float' to 'T', possible loss of data
          with
          [
              T=int
          ]
C:\Users\benja\Desktop\SecurityGame\ui_Button.h(104,14): warning C4244: 'initializing': conversion from 'T' to 'int', possible loss of data
          with
          [
              T=float
          ]
C:\Users\benja\Desktop\SecurityGame\ui_Button.h(105,14): warning C4244: 'initializing': conversion from 'T' to 'int', possible loss of data
          with
          [
              T=float
          ]
C:\Users\benja\Desktop\SecurityGame\map_Reader.h(65,41): warning C4244: 'argument': conversion from 'int' to 'float', possible loss of data
C:\Users\benja\Desktop\SecurityGame\map_Reader.h(65,36): warning C4244: 'argument': conversion from 'int' to 'float', possible loss of data
C:\Users\benja\Desktop\SecurityGame\mini_Base.h(36,19): warning C4267: 'argument': conversion from 'size_t' to 'int', possible loss of data
C:\Users\benja\Desktop\SecurityGame\obj_Ladder.h(37,65): warning C4244: 'argument': conversion from 'T' to 'T', possible loss of data
          with
          [
              T=float
          ]
          and
          [
              T=int
          ]
C:\Users\benja\Desktop\SecurityGame\obj_Ladder.h(37,48): warning C4244: 'argument': conversion from 'T' to 'T', possible loss of data
          with
          [
              T=float
          ]
          and
          [
              T=int
          ]
C:\Users\benja\Desktop\SecurityGame\obj_Ladder.h(37,42): warning C4244: 'argument': conversion from 'T' to 'T', possible loss of data
          with
          [
              T=float
          ]
          and
          [
              T=int
          ]
C:\Users\benja\Desktop\SecurityGame\obj_Ladder.h(37,30): warning C4244: 'argument': conversion from 'T' to 'T', possible loss of data
          with
          [
              T=float
          ]
          and
          [
              T=int
          ]
C:\Users\benja\Desktop\SecurityGame\main.cpp(90,41): warning C4244: '=': conversion from 'T' to 'float', possible loss of data
          with
          [
              T=unsigned int
          ]
C:\Users\benja\Desktop\SecurityGame\main.cpp(91,42): warning C4244: '=': conversion from 'T' to 'float', possible loss of data
          with
          [
              T=unsigned int
          ]
C:\Users\benja\Desktop\SecurityGame\main.cpp(104,17): warning C4244: 'initializing': conversion from 'float' to 'int', possible loss of data
  Generating code
  1 of 1868 functions (<0.1%) were compiled, the rest were copied from previous compilation.
    0 functions were new in current compilation
    1 functions had inline decision re-evaluated but remain unchanged
  Finished generating code
  SecurityGame.vcxproj -> C:\Users\benja\Desktop\SecurityGame\x64\Release\SecurityGame.exe
